<?xml version="1.0" encoding="UTF-8"?>
<!-- Generated by org.testng.reporters.JUnitReportReporter -->
<testsuite hostname="MYSHEC445262L" failures="0" tests="1" name="test.test1" time="0.026" errors="0" timestamp="2024-03-19T13:53:39 IST" skipped="0">
  <testcase classname="test.test1" name="demo1" time="0.026"/>
  <system-out/>
</testsuite> <!-- test.test1 -->
